<?xml version="1.0" encoding="UTF-8"?>
<!-- Generated by org.testng.reporters.JUnitReportReporter -->
<testsuite hostname="USAGAL2050584" failures="0" tests="1" name="RunnerClass.TestRunner" time="34.212" errors="0" timestamp="2023-04-12T18:58:11 EDT" skipped="0">
  <testcase classname="RunnerClass.TestRunner" name="runScenario" time="34.212"/>
  <system-out>
<div "result">I initialize Browser (PASSED : 1s)</div> <div "result">I am executing &quot;NewUI_SiteCreditPrerequiste&quot; (PASSED : 0s)</div> <div "result">I navigate to &quot;NewUI&quot; application (PASSED : 5s)</div> <div "result">I log in to &quot;qcsavc&quot; New UI application with &quot;valid&quot; Credentials (PASSED : 6s)</div> <div "result">Get &quot;Cust_ID&quot; from API (PASSED : 3s)</div> <div "result">Get &quot;Vendor_ID&quot; from API (PASSED : 2s)</div> Successfully connected to database.....QCSA <div "result">Set Site Credit &quot;OFF&quot; (PASSED : 3s)</div> Successfully connected to database.....Automation <div "result">I close browser (PASSED : 5s)</div>  </system-out>
</testsuite> <!-- RunnerClass.TestRunner -->
